[2017-09-09 20:49:46.512717] NOTICE: GAF Bot: Loading Configuration File
[2017-09-09 20:49:46.519735] NOTICE: GAF Bot: Loading default server settings
[2017-09-09 20:49:46.519735] NOTICE: GAF Bot: Establishing connection to database
[2017-09-09 20:49:46.520236] NOTICE: GAF Bot: Established connection
[2017-09-09 20:49:46.524247] INFO: GAF Bot: Transferring configuration data to bot
[2017-09-09 20:49:46.524247] INFO: GAF Bot: Logger linked to bot
[2017-09-09 20:49:46.524247] INFO: GAF Bot: Config linked to bot
[2017-09-09 20:49:46.524247] INFO: GAF Bot: Module loading linked to bot
[2017-09-09 20:49:49.333089] NOTICE: GAF Bot: Logged in as RoboDiNitride with ID 195466701360332803
[2017-09-09 20:49:49.333089] NOTICE: GAF Bot: I can see 334 users in 135 channels on 6 guilds
[2017-09-09 20:49:49.335095] NOTICE: GAF Bot: Loaded Config Module
[2017-09-09 20:49:49.335608] NOTICE: GAF Bot: Loaded Statistics Module
[2017-09-09 20:49:49.336625] NOTICE: GAF Bot: Loaded Roles Module
[2017-09-09 20:49:49.905611] NOTICE: GAF Bot: Loaded Admin Module
[2017-09-09 20:49:49.906613] NOTICE: GAF Bot: Loaded Moderation Module
[2017-09-09 20:49:49.913131] NOTICE: GAF Bot: Loaded GAF Module
[2017-09-09 20:49:49.914134] NOTICE: GAF Bot: Loaded Utils Module
[2017-09-09 20:49:49.914635] NOTICE: GAF Bot: Loaded Spotify
[2017-09-09 20:49:49.915138] NOTICE: GAF Bot: Loaded RNG
[2017-09-09 20:49:49.916140] NOTICE: GAF Bot: Loaded CS:GO
[2017-09-09 20:49:49.916667] NOTICE: GAF Bot: Loaded PUBG
[2017-09-09 20:49:49.917142] DEBUG: GAF Bot: Run GAF RSS Update Check
[2017-09-09 20:49:49.917660] DEBUG: GAF Bot: Run CS:GO Update Check
[2017-09-09 20:49:49.918145] DEBUG: GAF Bot: Run PUBG Update Check
